Analysis & Elaboration report for MIPS
Sun Oct 13 19:06:56 2024
Quartus Prime Version 20.1.0 Build 711 06/05/2020 SJ Lite Edition


---------------------
; Table of Contents ;
---------------------
  1. Legal Notice
  2. Analysis & Elaboration Summary
  3. Parallel Compilation
  4. Parameter Settings for User Entity Instance: ShiftL:ShiftExt_instance
  5. Parameter Settings for User Entity Instance: ShiftL:ShiftJump_instance
  6. Parameter Settings for User Entity Instance: MUX21:BranchDst_instance
  7. Parameter Settings for User Entity Instance: MUX21:MUX_Jump_instance
  8. Parameter Settings for User Entity Instance: MUX21:MuxRegDst_instance
  9. Parameter Settings for User Entity Instance: MUX21:MuxAlu_instance
 10. Parameter Settings for User Entity Instance: MUX21:MuxMemToReg_instance
 11. Analysis & Elaboration Settings
 12. Port Connectivity Checks: "ALU:ALU_instance"
 13. Port Connectivity Checks: "RegBank:RegBank_instance"
 14. Analysis & Elaboration Messages



----------------
; Legal Notice ;
----------------
Copyright (C) 2020  Intel Corporation. All rights reserved.
Your use of Intel Corporation's design tools, logic functions 
and other software and tools, and any partner logic 
functions, and any output files from any of the foregoing 
(including device programming or simulation files), and any 
associated documentation or information are expressly subject 
to the terms and conditions of the Intel Program License 
Subscription Agreement, the Intel Quartus Prime License Agreement,
the Intel FPGA IP License Agreement, or other applicable license
agreement, including, without limitation, that your use is for
the sole purpose of programming logic devices manufactured by
Intel and sold by Intel or its authorized distributors.  Please
refer to the applicable agreement for further details, at
https://fpgasoftware.intel.com/eula.



+----------------------------------------------------------------------------------+
; Analysis & Elaboration Summary                                                   ;
+------------------------------------+---------------------------------------------+
; Analysis & Elaboration Status      ; Successful - Sun Oct 13 19:06:56 2024       ;
; Quartus Prime Version              ; 20.1.0 Build 711 06/05/2020 SJ Lite Edition ;
; Revision Name                      ; MIPS                                        ;
; Top-level Entity Name              ; MIPS                                        ;
; Family                             ; Cyclone IV E                                ;
; Total logic elements               ; N/A until Partition Merge                   ;
;     Total combinational functions  ; N/A until Partition Merge                   ;
;     Dedicated logic registers      ; N/A until Partition Merge                   ;
; Total registers                    ; N/A until Partition Merge                   ;
; Total pins                         ; N/A until Partition Merge                   ;
; Total virtual pins                 ; N/A until Partition Merge                   ;
; Total memory bits                  ; N/A until Partition Merge                   ;
; Embedded Multiplier 9-bit elements ; N/A until Partition Merge                   ;
; Total PLLs                         ; N/A until Partition Merge                   ;
+------------------------------------+---------------------------------------------+


+------------------------------------------+
; Parallel Compilation                     ;
+----------------------------+-------------+
; Processors                 ; Number      ;
+----------------------------+-------------+
; Number detected on machine ; 8           ;
; Maximum allowed            ; 4           ;
;                            ;             ;
; Average used               ; 1.00        ;
; Maximum used               ; 1           ;
;                            ;             ;
; Usage by Processor         ; % Time Used ;
;     Processor 1            ; 100.0%      ;
+----------------------------+-------------+


+-----------------------------------------------------------------------+
; Parameter Settings for User Entity Instance: ShiftL:ShiftExt_instance ;
+----------------+-------+----------------------------------------------+
; Parameter Name ; Value ; Type                                         ;
+----------------+-------+----------------------------------------------+
; i              ; 32    ; Signed Integer                               ;
; j              ; 32    ; Signed Integer                               ;
; k              ; 2     ; Signed Integer                               ;
+----------------+-------+----------------------------------------------+
Note: In order to hide this table in the UI and the text report file, please set the "Show Parameter Settings in Synthesis Report" option in "Analysis and Synthesis Settings -> More Settings" to "Off".


+------------------------------------------------------------------------+
; Parameter Settings for User Entity Instance: ShiftL:ShiftJump_instance ;
+----------------+-------+-----------------------------------------------+
; Parameter Name ; Value ; Type                                          ;
+----------------+-------+-----------------------------------------------+
; i              ; 26    ; Signed Integer                                ;
; j              ; 28    ; Signed Integer                                ;
; k              ; 2     ; Signed Integer                                ;
+----------------+-------+-----------------------------------------------+
Note: In order to hide this table in the UI and the text report file, please set the "Show Parameter Settings in Synthesis Report" option in "Analysis and Synthesis Settings -> More Settings" to "Off".


+-----------------------------------------------------------------------+
; Parameter Settings for User Entity Instance: MUX21:BranchDst_instance ;
+----------------+-------+----------------------------------------------+
; Parameter Name ; Value ; Type                                         ;
+----------------+-------+----------------------------------------------+
; n              ; 32    ; Signed Integer                               ;
+----------------+-------+----------------------------------------------+
Note: In order to hide this table in the UI and the text report file, please set the "Show Parameter Settings in Synthesis Report" option in "Analysis and Synthesis Settings -> More Settings" to "Off".


+----------------------------------------------------------------------+
; Parameter Settings for User Entity Instance: MUX21:MUX_Jump_instance ;
+----------------+-------+---------------------------------------------+
; Parameter Name ; Value ; Type                                        ;
+----------------+-------+---------------------------------------------+
; n              ; 32    ; Signed Integer                              ;
+----------------+-------+---------------------------------------------+
Note: In order to hide this table in the UI and the text report file, please set the "Show Parameter Settings in Synthesis Report" option in "Analysis and Synthesis Settings -> More Settings" to "Off".


+-----------------------------------------------------------------------+
; Parameter Settings for User Entity Instance: MUX21:MuxRegDst_instance ;
+----------------+-------+----------------------------------------------+
; Parameter Name ; Value ; Type                                         ;
+----------------+-------+----------------------------------------------+
; n              ; 5     ; Signed Integer                               ;
+----------------+-------+----------------------------------------------+
Note: In order to hide this table in the UI and the text report file, please set the "Show Parameter Settings in Synthesis Report" option in "Analysis and Synthesis Settings -> More Settings" to "Off".


+--------------------------------------------------------------------+
; Parameter Settings for User Entity Instance: MUX21:MuxAlu_instance ;
+----------------+-------+-------------------------------------------+
; Parameter Name ; Value ; Type                                      ;
+----------------+-------+-------------------------------------------+
; n              ; 32    ; Signed Integer                            ;
+----------------+-------+-------------------------------------------+
Note: In order to hide this table in the UI and the text report file, please set the "Show Parameter Settings in Synthesis Report" option in "Analysis and Synthesis Settings -> More Settings" to "Off".


+-------------------------------------------------------------------------+
; Parameter Settings for User Entity Instance: MUX21:MuxMemToReg_instance ;
+----------------+-------+------------------------------------------------+
; Parameter Name ; Value ; Type                                           ;
+----------------+-------+------------------------------------------------+
; n              ; 32    ; Signed Integer                                 ;
+----------------+-------+------------------------------------------------+
Note: In order to hide this table in the UI and the text report file, please set the "Show Parameter Settings in Synthesis Report" option in "Analysis and Synthesis Settings -> More Settings" to "Off".


+------------------------------------------------------------------------------------------------------------+
; Analysis & Elaboration Settings                                                                            ;
+------------------------------------------------------------------+--------------------+--------------------+
; Option                                                           ; Setting            ; Default Value      ;
+------------------------------------------------------------------+--------------------+--------------------+
; Top-level entity name                                            ; MIPS               ; MIPS               ;
; Family name                                                      ; Cyclone IV E       ; Cyclone V          ;
; Use smart compilation                                            ; Off                ; Off                ;
; Enable parallel Assembler and Timing Analyzer during compilation ; On                 ; On                 ;
; Enable compact report table                                      ; Off                ; Off                ;
; Restructure Multiplexers                                         ; Auto               ; Auto               ;
; Create Debugging Nodes for IP Cores                              ; Off                ; Off                ;
; Preserve fewer node names                                        ; On                 ; On                 ;
; Intel FPGA IP Evaluation Mode                                    ; Enable             ; Enable             ;
; Verilog Version                                                  ; Verilog_2001       ; Verilog_2001       ;
; VHDL Version                                                     ; VHDL_1993          ; VHDL_1993          ;
; State Machine Processing                                         ; Auto               ; Auto               ;
; Safe State Machine                                               ; Off                ; Off                ;
; Extract Verilog State Machines                                   ; On                 ; On                 ;
; Extract VHDL State Machines                                      ; On                 ; On                 ;
; Ignore Verilog initial constructs                                ; Off                ; Off                ;
; Iteration limit for constant Verilog loops                       ; 5000               ; 5000               ;
; Iteration limit for non-constant Verilog loops                   ; 250                ; 250                ;
; Add Pass-Through Logic to Inferred RAMs                          ; On                 ; On                 ;
; Infer RAMs from Raw Logic                                        ; On                 ; On                 ;
; Parallel Synthesis                                               ; On                 ; On                 ;
; DSP Block Balancing                                              ; Auto               ; Auto               ;
; NOT Gate Push-Back                                               ; On                 ; On                 ;
; Power-Up Don't Care                                              ; On                 ; On                 ;
; Remove Redundant Logic Cells                                     ; Off                ; Off                ;
; Remove Duplicate Registers                                       ; On                 ; On                 ;
; Ignore CARRY Buffers                                             ; Off                ; Off                ;
; Ignore CASCADE Buffers                                           ; Off                ; Off                ;
; Ignore GLOBAL Buffers                                            ; Off                ; Off                ;
; Ignore ROW GLOBAL Buffers                                        ; Off                ; Off                ;
; Ignore LCELL Buffers                                             ; Off                ; Off                ;
; Ignore SOFT Buffers                                              ; On                 ; On                 ;
; Limit AHDL Integers to 32 Bits                                   ; Off                ; Off                ;
; Optimization Technique                                           ; Balanced           ; Balanced           ;
; Carry Chain Length                                               ; 70                 ; 70                 ;
; Auto Carry Chains                                                ; On                 ; On                 ;
; Auto Open-Drain Pins                                             ; On                 ; On                 ;
; Perform WYSIWYG Primitive Resynthesis                            ; Off                ; Off                ;
; Auto ROM Replacement                                             ; On                 ; On                 ;
; Auto RAM Replacement                                             ; On                 ; On                 ;
; Auto DSP Block Replacement                                       ; On                 ; On                 ;
; Auto Shift Register Replacement                                  ; Auto               ; Auto               ;
; Allow Shift Register Merging across Hierarchies                  ; Auto               ; Auto               ;
; Auto Clock Enable Replacement                                    ; On                 ; On                 ;
; Strict RAM Replacement                                           ; Off                ; Off                ;
; Allow Synchronous Control Signals                                ; On                 ; On                 ;
; Force Use of Synchronous Clear Signals                           ; Off                ; Off                ;
; Auto RAM Block Balancing                                         ; On                 ; On                 ;
; Auto RAM to Logic Cell Conversion                                ; Off                ; Off                ;
; Auto Resource Sharing                                            ; Off                ; Off                ;
; Allow Any RAM Size For Recognition                               ; Off                ; Off                ;
; Allow Any ROM Size For Recognition                               ; Off                ; Off                ;
; Allow Any Shift Register Size For Recognition                    ; Off                ; Off                ;
; Use LogicLock Constraints during Resource Balancing              ; On                 ; On                 ;
; Ignore translate_off and synthesis_off directives                ; Off                ; Off                ;
; Timing-Driven Synthesis                                          ; On                 ; On                 ;
; Report Parameter Settings                                        ; On                 ; On                 ;
; Report Source Assignments                                        ; On                 ; On                 ;
; Report Connectivity Checks                                       ; On                 ; On                 ;
; Ignore Maximum Fan-Out Assignments                               ; Off                ; Off                ;
; Synchronization Register Chain Length                            ; 2                  ; 2                  ;
; Power Optimization During Synthesis                              ; Normal compilation ; Normal compilation ;
; HDL message level                                                ; Level2             ; Level2             ;
; Suppress Register Optimization Related Messages                  ; Off                ; Off                ;
; Number of Removed Registers Reported in Synthesis Report         ; 5000               ; 5000               ;
; Number of Swept Nodes Reported in Synthesis Report               ; 5000               ; 5000               ;
; Number of Inverted Registers Reported in Synthesis Report        ; 100                ; 100                ;
; Clock MUX Protection                                             ; On                 ; On                 ;
; Auto Gated Clock Conversion                                      ; Off                ; Off                ;
; Block Design Naming                                              ; Auto               ; Auto               ;
; SDC constraint protection                                        ; Off                ; Off                ;
; Synthesis Effort                                                 ; Auto               ; Auto               ;
; Shift Register Replacement - Allow Asynchronous Clear Signal     ; On                 ; On                 ;
; Pre-Mapping Resynthesis Optimization                             ; Off                ; Off                ;
; Analysis & Synthesis Message Level                               ; Medium             ; Medium             ;
; Disable Register Merging Across Hierarchies                      ; Auto               ; Auto               ;
; Resource Aware Inference For Block RAM                           ; On                 ; On                 ;
+------------------------------------------------------------------+--------------------+--------------------+


+--------------------------------------------------------------------------------------------------------------------+
; Port Connectivity Checks: "ALU:ALU_instance"                                                                       ;
+----------+--------+----------+-------------------------------------------------------------------------------------+
; Port     ; Type   ; Severity ; Details                                                                             ;
+----------+--------+----------+-------------------------------------------------------------------------------------+
; overflow ; Output ; Info     ; Connected to dangling logic. Logic that only feeds a dangling port will be removed. ;
; cout     ; Output ; Info     ; Connected to dangling logic. Logic that only feeds a dangling port will be removed. ;
+----------+--------+----------+-------------------------------------------------------------------------------------+


+------------------------------------------------------+
; Port Connectivity Checks: "RegBank:RegBank_instance" ;
+-------+-------+----------+---------------------------+
; Port  ; Type  ; Severity ; Details                   ;
+-------+-------+----------+---------------------------+
; reset ; Input ; Info     ; Stuck at GND              ;
+-------+-------+----------+---------------------------+


+---------------------------------+
; Analysis & Elaboration Messages ;
+---------------------------------+
Info: *******************************************************************
Info: Running Quartus Prime Analysis & Elaboration
    Info: Version 20.1.0 Build 711 06/05/2020 SJ Lite Edition
    Info: Processing started: Sun Oct 13 19:06:41 2024
Info: Command: quartus_map --read_settings_files=on --write_settings_files=off MIPS -c MIPS --analysis_and_elaboration
Warning (18236): Number of processors has not been specified which may cause overloading on shared machines.  Set the global assignment NUM_PARALLEL_PROCESSORS in your QSF to an appropriate value for best performance.
Info (20030): Parallel compilation is enabled and will use 4 of the 4 processors detected
Info (12021): Found 2 design units, including 1 entities, in source file componentes/shiftl.vhd
    Info (12022): Found design unit 1: ShiftL-bhv File: C:/Users/Usuário/Desktop/Preparação riot/GitHub/0rganizado_FALTAreadme/Arquitetura/Projeto Final/Inicio de projeto/Componentes/ShiftL.vhd Line: 13
    Info (12023): Found entity 1: ShiftL File: C:/Users/Usuário/Desktop/Preparação riot/GitHub/0rganizado_FALTAreadme/Arquitetura/Projeto Final/Inicio de projeto/Componentes/ShiftL.vhd Line: 5
Info (12021): Found 2 design units, including 1 entities, in source file componentes/ja testado/regbank.vhd
    Info (12022): Found design unit 1: RegBank-bhv File: C:/Users/Usuário/Desktop/Preparação riot/GitHub/0rganizado_FALTAreadme/Arquitetura/Projeto Final/Inicio de projeto/Componentes/Ja testado/RegBank.vhd Line: 15
    Info (12023): Found entity 1: RegBank File: C:/Users/Usuário/Desktop/Preparação riot/GitHub/0rganizado_FALTAreadme/Arquitetura/Projeto Final/Inicio de projeto/Componentes/Ja testado/RegBank.vhd Line: 6
Info (12021): Found 2 design units, including 1 entities, in source file componentes/ja testado/alu.vhd
    Info (12022): Found design unit 1: ALU-ALU_Simples File: C:/Users/Usuário/Desktop/Preparação riot/GitHub/0rganizado_FALTAreadme/Arquitetura/Projeto Final/Inicio de projeto/Componentes/Ja testado/ALU.vhd Line: 14
    Info (12023): Found entity 1: ALU File: C:/Users/Usuário/Desktop/Preparação riot/GitHub/0rganizado_FALTAreadme/Arquitetura/Projeto Final/Inicio de projeto/Componentes/Ja testado/ALU.vhd Line: 6
Info (12021): Found 2 design units, including 1 entities, in source file componentes/sign_extend.vhd
    Info (12022): Found design unit 1: sign_extend-bhv File: C:/Users/Usuário/Desktop/Preparação riot/GitHub/0rganizado_FALTAreadme/Arquitetura/Projeto Final/Inicio de projeto/Componentes/sign_extend.vhd Line: 12
    Info (12023): Found entity 1: sign_extend File: C:/Users/Usuário/Desktop/Preparação riot/GitHub/0rganizado_FALTAreadme/Arquitetura/Projeto Final/Inicio de projeto/Componentes/sign_extend.vhd Line: 5
Info (12021): Found 2 design units, including 1 entities, in source file componentes/pc.vhd
    Info (12022): Found design unit 1: PC-bhv File: C:/Users/Usuário/Desktop/Preparação riot/GitHub/0rganizado_FALTAreadme/Arquitetura/Projeto Final/Inicio de projeto/Componentes/PC.vhd Line: 13
    Info (12023): Found entity 1: PC File: C:/Users/Usuário/Desktop/Preparação riot/GitHub/0rganizado_FALTAreadme/Arquitetura/Projeto Final/Inicio de projeto/Componentes/PC.vhd Line: 5
Info (12021): Found 2 design units, including 1 entities, in source file componentes/mux21.vhd
    Info (12022): Found design unit 1: MUX21-bhv File: C:/Users/Usuário/Desktop/Preparação riot/GitHub/0rganizado_FALTAreadme/Arquitetura/Projeto Final/Inicio de projeto/Componentes/MUX21.vhd Line: 15
    Info (12023): Found entity 1: MUX21 File: C:/Users/Usuário/Desktop/Preparação riot/GitHub/0rganizado_FALTAreadme/Arquitetura/Projeto Final/Inicio de projeto/Componentes/MUX21.vhd Line: 6
Info (12021): Found 2 design units, including 1 entities, in source file mips.vhd
    Info (12022): Found design unit 1: MIPS-bhv File: C:/Users/Usuário/Desktop/Preparação riot/GitHub/0rganizado_FALTAreadme/Arquitetura/Projeto Final/Inicio de projeto/MIPS.vhd Line: 12
    Info (12023): Found entity 1: MIPS File: C:/Users/Usuário/Desktop/Preparação riot/GitHub/0rganizado_FALTAreadme/Arquitetura/Projeto Final/Inicio de projeto/MIPS.vhd Line: 6
Info (12021): Found 2 design units, including 1 entities, in source file componentes/memory.vhd
    Info (12022): Found design unit 1: memory-bhv File: C:/Users/Usuário/Desktop/Preparação riot/GitHub/0rganizado_FALTAreadme/Arquitetura/Projeto Final/Inicio de projeto/Componentes/Memory.vhd Line: 14
    Info (12023): Found entity 1: memory File: C:/Users/Usuário/Desktop/Preparação riot/GitHub/0rganizado_FALTAreadme/Arquitetura/Projeto Final/Inicio de projeto/Componentes/Memory.vhd Line: 5
Info (12021): Found 2 design units, including 1 entities, in source file componentes/unidcontrole.vhd
    Info (12022): Found design unit 1: UnidControle-bhv File: C:/Users/Usuário/Desktop/Preparação riot/GitHub/0rganizado_FALTAreadme/Arquitetura/Projeto Final/Inicio de projeto/Componentes/UnidControle.vhd Line: 13
    Info (12023): Found entity 1: UnidControle File: C:/Users/Usuário/Desktop/Preparação riot/GitHub/0rganizado_FALTAreadme/Arquitetura/Projeto Final/Inicio de projeto/Componentes/UnidControle.vhd Line: 5
Info (12021): Found 2 design units, including 1 entities, in source file alucontrol.vhd
    Info (12022): Found design unit 1: AluControl-bhv File: C:/Users/Usuário/Desktop/Preparação riot/GitHub/0rganizado_FALTAreadme/Arquitetura/Projeto Final/Inicio de projeto/AluControl.vhd Line: 13
    Info (12023): Found entity 1: AluControl File: C:/Users/Usuário/Desktop/Preparação riot/GitHub/0rganizado_FALTAreadme/Arquitetura/Projeto Final/Inicio de projeto/AluControl.vhd Line: 5
Info (12021): Found 2 design units, including 1 entities, in source file irmemvhd.vhd
    Info (12022): Found design unit 1: IRMem-bhv File: C:/Users/Usuário/Desktop/Preparação riot/GitHub/0rganizado_FALTAreadme/Arquitetura/Projeto Final/Inicio de projeto/IRMemvhd.vhd Line: 13
    Info (12023): Found entity 1: IRMem File: C:/Users/Usuário/Desktop/Preparação riot/GitHub/0rganizado_FALTAreadme/Arquitetura/Projeto Final/Inicio de projeto/IRMemvhd.vhd Line: 5
Info (12127): Elaborating entity "MIPS" for the top level hierarchy
Warning (10036): Verilog HDL or VHDL warning at MIPS.vhd(19): object "Overflow" assigned a value but never read File: C:/Users/Usuário/Desktop/Preparação riot/GitHub/0rganizado_FALTAreadme/Arquitetura/Projeto Final/Inicio de projeto/MIPS.vhd Line: 19
Warning (10036): Verilog HDL or VHDL warning at MIPS.vhd(19): object "Cout" assigned a value but never read File: C:/Users/Usuário/Desktop/Preparação riot/GitHub/0rganizado_FALTAreadme/Arquitetura/Projeto Final/Inicio de projeto/MIPS.vhd Line: 19
Info (12128): Elaborating entity "UnidControle" for hierarchy "UnidControle:Control_instance" File: C:/Users/Usuário/Desktop/Preparação riot/GitHub/0rganizado_FALTAreadme/Arquitetura/Projeto Final/Inicio de projeto/MIPS.vhd Line: 33
Info (12128): Elaborating entity "IRMem" for hierarchy "IRMem:IR_Mem_instance" File: C:/Users/Usuário/Desktop/Preparação riot/GitHub/0rganizado_FALTAreadme/Arquitetura/Projeto Final/Inicio de projeto/MIPS.vhd Line: 48
Info (12128): Elaborating entity "memory" for hierarchy "memory:Data_Mem_instance" File: C:/Users/Usuário/Desktop/Preparação riot/GitHub/0rganizado_FALTAreadme/Arquitetura/Projeto Final/Inicio de projeto/MIPS.vhd Line: 55
Info (12128): Elaborating entity "ShiftL" for hierarchy "ShiftL:ShiftExt_instance" File: C:/Users/Usuário/Desktop/Preparação riot/GitHub/0rganizado_FALTAreadme/Arquitetura/Projeto Final/Inicio de projeto/MIPS.vhd Line: 66
Info (12128): Elaborating entity "ShiftL" for hierarchy "ShiftL:ShiftJump_instance" File: C:/Users/Usuário/Desktop/Preparação riot/GitHub/0rganizado_FALTAreadme/Arquitetura/Projeto Final/Inicio de projeto/MIPS.vhd Line: 80
Info (12128): Elaborating entity "MUX21" for hierarchy "MUX21:BranchDst_instance" File: C:/Users/Usuário/Desktop/Preparação riot/GitHub/0rganizado_FALTAreadme/Arquitetura/Projeto Final/Inicio de projeto/MIPS.vhd Line: 95
Info (12128): Elaborating entity "PC" for hierarchy "PC:PC_instance" File: C:/Users/Usuário/Desktop/Preparação riot/GitHub/0rganizado_FALTAreadme/Arquitetura/Projeto Final/Inicio de projeto/MIPS.vhd Line: 114
Info (12128): Elaborating entity "sign_extend" for hierarchy "sign_extend:SigneExtend_instance" File: C:/Users/Usuário/Desktop/Preparação riot/GitHub/0rganizado_FALTAreadme/Arquitetura/Projeto Final/Inicio de projeto/MIPS.vhd Line: 123
Info (12128): Elaborating entity "MUX21" for hierarchy "MUX21:MuxRegDst_instance" File: C:/Users/Usuário/Desktop/Preparação riot/GitHub/0rganizado_FALTAreadme/Arquitetura/Projeto Final/Inicio de projeto/MIPS.vhd Line: 133
Info (12128): Elaborating entity "RegBank" for hierarchy "RegBank:RegBank_instance" File: C:/Users/Usuário/Desktop/Preparação riot/GitHub/0rganizado_FALTAreadme/Arquitetura/Projeto Final/Inicio de projeto/MIPS.vhd Line: 148
Info (12128): Elaborating entity "AluControl" for hierarchy "AluControl:AluControl_instance" File: C:/Users/Usuário/Desktop/Preparação riot/GitHub/0rganizado_FALTAreadme/Arquitetura/Projeto Final/Inicio de projeto/MIPS.vhd Line: 172
Info (12128): Elaborating entity "ALU" for hierarchy "ALU:ALU_instance" File: C:/Users/Usuário/Desktop/Preparação riot/GitHub/0rganizado_FALTAreadme/Arquitetura/Projeto Final/Inicio de projeto/MIPS.vhd Line: 180
Info: Quartus Prime Analysis & Elaboration was successful. 0 errors, 3 warnings
    Info: Peak virtual memory: 4782 megabytes
    Info: Processing ended: Sun Oct 13 19:06:56 2024
    Info: Elapsed time: 00:00:15
    Info: Total CPU time (on all processors): 00:00:32


